ЗАПУСК СЕРИИ ЭКСПЕРИМЕНТОВ
Рабочая папка: c:\Users\user\Desktop\asp
Время начала: 2026-03-02 20:35:01
Всего экспериментов: 22
Лог-файл: c:\Users\user\Desktop\asp\experiment_logs\experiments_20260302_203501.log

📌 Эксперимент 1/22

============================================================
Эксперимент: β=0.2 - затухающая эпидемия
Параметры: N_max=100, C=4, λ=0.2, β=0.2, δ=0.2, T=100, прогонов=50
============================================================
Команда: C:\Users\user\AppData\Local\Microsoft\WindowsApps\PythonSoftwareFoundation.Python.3.13_qbz5n2kfra8p0\python.exe c:\Users\user\Desktop\asp\asp.py 100 4 0.2 0.2 0.2 100 50
--- РЕЗУЛЬТАТЫ ЭКСПЕРИМЕНТА ---
Рабочая директория: c:\Users\user\Desktop\asp
Запуск программы симуляции...
Нажмите Ctrl+C для прерывания

======================================================================
             МОДЕЛИРОВАНИЕ ЭПИДЕМИИ НА ДИНАМИЧЕСКОМ ГРАФЕ             
======================================================================

Автоматический режим с параметрами:
N_max=100, C=4.0, lambda=0.2, beta=0.2, delta=0.2, T=100, n_runs=50

======================================================================
                           ЗАПУСК СИМУЛЯЦИИ                           
======================================================================
Параметры: N_max=100, C=4.0, lambda=0.2, beta=0.2, delta=0.2, T=100, прогонов=50

Запуск 50 прогонов симуляции...
Запуск прогона 1/50
Запуск прогона 2/50
Запуск прогона 3/50
Запуск прогона 4/50
Запуск прогона 5/50
Запуск прогона 6/50
Запуск прогона 7/50
Запуск прогона 8/50
Запуск прогона 9/50
Запуск прогона 10/50
Запуск прогона 11/50
Запуск прогона 12/50
Запуск прогона 13/50
Запуск прогона 14/50
Запуск прогона 15/50
Запуск прогона 16/50
Запуск прогона 17/50
Запуск прогона 18/50
Запуск прогона 19/50
Запуск прогона 20/50
Запуск прогона 21/50
Запуск прогона 22/50
Запуск прогона 23/50
Запуск прогона 24/50
Запуск прогона 25/50
Запуск прогона 26/50
Запуск прогона 27/50
Запуск прогона 28/50
Запуск прогона 29/50
Запуск прогона 30/50
Запуск прогона 31/50
Запуск прогона 32/50
Запуск прогона 33/50
Запуск прогона 34/50
Запуск прогона 35/50
Запуск прогона 36/50
Запуск прогона 37/50
Запуск прогона 38/50
Запуск прогона 39/50
Запуск прогона 40/50
Запуск прогона 41/50
Запуск прогона 42/50
Запуск прогона 43/50
Запуск прогона 44/50
Запуск прогона 45/50
Запуск прогона 46/50
Запуск прогона 47/50
Запуск прогона 48/50
Запуск прогона 49/50
Запуск прогона 50/50

Все 50 прогонов завершены
Агрегированные данные сохранены: aggregated_beta0.20_delta0.20_lambda0.20_C4.0_T101.csv

✅ Создан файл: aggregated_beta0.20_delta0.20_lambda0.20_C4.0_T101.csv
✅ Переименован в: exp_beta0.2_lambda0.2_delta0.2_C4_aggregated_beta0.20_delta0.20_lambda0.20_C4.0_T101.csv
⏳ Пауза 5 секунд...

📌 Эксперимент 2/22

============================================================
Эксперимент: β=0.4 - умеренная вспышка
Параметры: N_max=100, C=4, λ=0.2, β=0.4, δ=0.2, T=100, прогонов=50
============================================================
Команда: C:\Users\user\AppData\Local\Microsoft\WindowsApps\PythonSoftwareFoundation.Python.3.13_qbz5n2kfra8p0\python.exe c:\Users\user\Desktop\asp\asp.py 100 4 0.2 0.4 0.2 100 50
--- РЕЗУЛЬТАТЫ ЭКСПЕРИМЕНТА ---
Рабочая директория: c:\Users\user\Desktop\asp
Запуск программы симуляции...
Нажмите Ctrl+C для прерывания

======================================================================
             МОДЕЛИРОВАНИЕ ЭПИДЕМИИ НА ДИНАМИЧЕСКОМ ГРАФЕ             
======================================================================

Автоматический режим с параметрами:
N_max=100, C=4.0, lambda=0.2, beta=0.4, delta=0.2, T=100, n_runs=50

======================================================================
                           ЗАПУСК СИМУЛЯЦИИ                           
======================================================================
Параметры: N_max=100, C=4.0, lambda=0.2, beta=0.4, delta=0.2, T=100, прогонов=50

Запуск 50 прогонов симуляции...
Запуск прогона 1/50
Запуск прогона 2/50
Запуск прогона 3/50
Запуск прогона 4/50
Запуск прогона 5/50
Запуск прогона 6/50
Запуск прогона 7/50
Запуск прогона 8/50
Запуск прогона 9/50
Запуск прогона 10/50
Запуск прогона 11/50
Запуск прогона 12/50
Запуск прогона 13/50
Запуск прогона 14/50
Запуск прогона 15/50
Запуск прогона 16/50
Запуск прогона 17/50
Запуск прогона 18/50
Запуск прогона 19/50
Запуск прогона 20/50
Запуск прогона 21/50
Запуск прогона 22/50
Запуск прогона 23/50
Запуск прогона 24/50
Запуск прогона 25/50
Запуск прогона 26/50
Запуск прогона 27/50
Запуск прогона 28/50
Запуск прогона 29/50
Запуск прогона 30/50
Запуск прогона 31/50
Запуск прогона 32/50
Запуск прогона 33/50
Запуск прогона 34/50
Запуск прогона 35/50
Запуск прогона 36/50
Запуск прогона 37/50
Запуск прогона 38/50
Запуск прогона 39/50
Запуск прогона 40/50
Запуск прогона 41/50
Запуск прогона 42/50
Запуск прогона 43/50
Запуск прогона 44/50
Запуск прогона 45/50
Запуск прогона 46/50
Запуск прогона 47/50
Запуск прогона 48/50
Запуск прогона 49/50
Запуск прогона 50/50

Все 50 прогонов завершены
Агрегированные данные сохранены: aggregated_beta0.40_delta0.20_lambda0.20_C4.0_T101.csv

✅ Создан файл: aggregated_beta0.40_delta0.20_lambda0.20_C4.0_T101.csv
✅ Переименован в: exp_beta0.4_lambda0.2_delta0.2_C4_aggregated_beta0.40_delta0.20_lambda0.20_C4.0_T101.csv
⏳ Пауза 5 секунд...

📌 Эксперимент 3/22

============================================================
Эксперимент: β=0.6 - пороговый режим
Параметры: N_max=100, C=4, λ=0.2, β=0.6, δ=0.2, T=100, прогонов=50
============================================================
Команда: C:\Users\user\AppData\Local\Microsoft\WindowsApps\PythonSoftwareFoundation.Python.3.13_qbz5n2kfra8p0\python.exe c:\Users\user\Desktop\asp\asp.py 100 4 0.2 0.6 0.2 100 50
--- РЕЗУЛЬТАТЫ ЭКСПЕРИМЕНТА ---
Рабочая директория: c:\Users\user\Desktop\asp
Запуск программы симуляции...
Нажмите Ctrl+C для прерывания

======================================================================
             МОДЕЛИРОВАНИЕ ЭПИДЕМИИ НА ДИНАМИЧЕСКОМ ГРАФЕ             
======================================================================

Автоматический режим с параметрами:
N_max=100, C=4.0, lambda=0.2, beta=0.6, delta=0.2, T=100, n_runs=50

======================================================================
                           ЗАПУСК СИМУЛЯЦИИ                           
======================================================================
Параметры: N_max=100, C=4.0, lambda=0.2, beta=0.6, delta=0.2, T=100, прогонов=50

Запуск 50 прогонов симуляции...
Запуск прогона 1/50
Запуск прогона 2/50
Запуск прогона 3/50
Запуск прогона 4/50
Запуск прогона 5/50
Запуск прогона 6/50
Запуск прогона 7/50
Запуск прогона 8/50
Запуск прогона 9/50
Запуск прогона 10/50
Запуск прогона 11/50
Запуск прогона 12/50
Запуск прогона 13/50
Запуск прогона 14/50
Запуск прогона 15/50
Запуск прогона 16/50
Запуск прогона 17/50
Запуск прогона 18/50
Запуск прогона 19/50
Запуск прогона 20/50
Запуск прогона 21/50
Запуск прогона 22/50
Запуск прогона 23/50
Запуск прогона 24/50
Запуск прогона 25/50
Запуск прогона 26/50
Запуск прогона 27/50
Запуск прогона 28/50
Запуск прогона 29/50
Запуск прогона 30/50
Запуск прогона 31/50
Запуск прогона 32/50
Запуск прогона 33/50
Запуск прогона 34/50
Запуск прогона 35/50
Запуск прогона 36/50
Запуск прогона 37/50
Запуск прогона 38/50
Запуск прогона 39/50
Запуск прогона 40/50
Запуск прогона 41/50
Запуск прогона 42/50
Запуск прогона 43/50
Запуск прогона 44/50
Запуск прогона 45/50
Запуск прогона 46/50
Запуск прогона 47/50
Запуск прогона 48/50
Запуск прогона 49/50
Запуск прогона 50/50

Все 50 прогонов завершены
Агрегированные данные сохранены: aggregated_beta0.60_delta0.20_lambda0.20_C4.0_T101.csv

✅ Создан файл: aggregated_beta0.60_delta0.20_lambda0.20_C4.0_T101.csv
✅ Переименован в: exp_beta0.6_lambda0.2_delta0.2_C4_aggregated_beta0.60_delta0.20_lambda0.20_C4.0_T101.csv
⏳ Пауза 5 секунд...

📌 Эксперимент 4/22

============================================================
Эксперимент: β=0.8 - устойчивая эндемия
Параметры: N_max=100, C=4, λ=0.2, β=0.8, δ=0.2, T=100, прогонов=50
============================================================
Команда: C:\Users\user\AppData\Local\Microsoft\WindowsApps\PythonSoftwareFoundation.Python.3.13_qbz5n2kfra8p0\python.exe c:\Users\user\Desktop\asp\asp.py 100 4 0.2 0.8 0.2 100 50
--- РЕЗУЛЬТАТЫ ЭКСПЕРИМЕНТА ---
Рабочая директория: c:\Users\user\Desktop\asp
Запуск программы симуляции...
Нажмите Ctrl+C для прерывания

======================================================================
             МОДЕЛИРОВАНИЕ ЭПИДЕМИИ НА ДИНАМИЧЕСКОМ ГРАФЕ             
======================================================================

Автоматический режим с параметрами:
N_max=100, C=4.0, lambda=0.2, beta=0.8, delta=0.2, T=100, n_runs=50

======================================================================
                           ЗАПУСК СИМУЛЯЦИИ                           
======================================================================
Параметры: N_max=100, C=4.0, lambda=0.2, beta=0.8, delta=0.2, T=100, прогонов=50

Запуск 50 прогонов симуляции...
Запуск прогона 1/50
Запуск прогона 2/50
Запуск прогона 3/50
Запуск прогона 4/50
Запуск прогона 5/50
Запуск прогона 6/50
Запуск прогона 7/50
Запуск прогона 8/50
Запуск прогона 9/50
Запуск прогона 10/50
Запуск прогона 11/50
Запуск прогона 12/50
Запуск прогона 13/50
Запуск прогона 14/50
Запуск прогона 15/50
Запуск прогона 16/50
Запуск прогона 17/50
Запуск прогона 18/50
Запуск прогона 19/50
Запуск прогона 20/50
Запуск прогона 21/50
Запуск прогона 22/50
Запуск прогона 23/50
Запуск прогона 24/50
Запуск прогона 25/50
Запуск прогона 26/50
Запуск прогона 27/50
Запуск прогона 28/50
Запуск прогона 29/50
Запуск прогона 30/50
Запуск прогона 31/50
Запуск прогона 32/50
Запуск прогона 33/50
Запуск прогона 34/50
Запуск прогона 35/50
Запуск прогона 36/50
Запуск прогона 37/50
Запуск прогона 38/50
Запуск прогона 39/50
Запуск прогона 40/50
Запуск прогона 41/50
Запуск прогона 42/50
Запуск прогона 43/50
Запуск прогона 44/50
Запуск прогона 45/50
Запуск прогона 46/50
Запуск прогона 47/50
Запуск прогона 48/50
Запуск прогона 49/50
Запуск прогона 50/50

Все 50 прогонов завершены
Агрегированные данные сохранены: aggregated_beta0.80_delta0.20_lambda0.20_C4.0_T101.csv

✅ Создан файл: aggregated_beta0.80_delta0.20_lambda0.20_C4.0_T101.csv
✅ Переименован в: exp_beta0.8_lambda0.2_delta0.2_C4_aggregated_beta0.80_delta0.20_lambda0.20_C4.0_T101.csv
⏳ Пауза 5 секунд...

📌 Эксперимент 5/22

============================================================
Эксперимент: β=1.0 - высокая эндемия
Параметры: N_max=100, C=4, λ=0.2, β=1.0, δ=0.2, T=100, прогонов=50
============================================================
Команда: C:\Users\user\AppData\Local\Microsoft\WindowsApps\PythonSoftwareFoundation.Python.3.13_qbz5n2kfra8p0\python.exe c:\Users\user\Desktop\asp\asp.py 100 4 0.2 1.0 0.2 100 50
--- РЕЗУЛЬТАТЫ ЭКСПЕРИМЕНТА ---
Рабочая директория: c:\Users\user\Desktop\asp
Запуск программы симуляции...
Нажмите Ctrl+C для прерывания

======================================================================
             МОДЕЛИРОВАНИЕ ЭПИДЕМИИ НА ДИНАМИЧЕСКОМ ГРАФЕ             
======================================================================

Автоматический режим с параметрами:
N_max=100, C=4.0, lambda=0.2, beta=1.0, delta=0.2, T=100, n_runs=50

======================================================================
                           ЗАПУСК СИМУЛЯЦИИ                           
======================================================================
Параметры: N_max=100, C=4.0, lambda=0.2, beta=1.0, delta=0.2, T=100, прогонов=50

Запуск 50 прогонов симуляции...
Запуск прогона 1/50
Запуск прогона 2/50
Запуск прогона 3/50
Запуск прогона 4/50
Запуск прогона 5/50
Запуск прогона 6/50
Запуск прогона 7/50
Запуск прогона 8/50
Запуск прогона 9/50
Запуск прогона 10/50
Запуск прогона 11/50
Запуск прогона 12/50
Запуск прогона 13/50
Запуск прогона 14/50
Запуск прогона 15/50
Запуск прогона 16/50
Запуск прогона 17/50
Запуск прогона 18/50
Запуск прогона 19/50
Запуск прогона 20/50
Запуск прогона 21/50
Запуск прогона 22/50
Запуск прогона 23/50
Запуск прогона 24/50
Запуск прогона 25/50
Запуск прогона 26/50
Запуск прогона 27/50
Запуск прогона 28/50
Запуск прогона 29/50
Запуск прогона 30/50
Запуск прогона 31/50
Запуск прогона 32/50
Запуск прогона 33/50
Запуск прогона 34/50
Запуск прогона 35/50
Запуск прогона 36/50
Запуск прогона 37/50
Запуск прогона 38/50
Запуск прогона 39/50
Запуск прогона 40/50
Запуск прогона 41/50
Запуск прогона 42/50
Запуск прогона 43/50
Запуск прогона 44/50
Запуск прогона 45/50
Запуск прогона 46/50
Запуск прогона 47/50
Запуск прогона 48/50
Запуск прогона 49/50
Запуск прогона 50/50

Все 50 прогонов завершены
Агрегированные данные сохранены: aggregated_beta1.00_delta0.20_lambda0.20_C4.0_T101.csv

✅ Создан файл: aggregated_beta1.00_delta0.20_lambda0.20_C4.0_T101.csv
✅ Переименован в: exp_beta1.0_lambda0.2_delta0.2_C4_aggregated_beta1.00_delta0.20_lambda0.20_C4.0_T101.csv
⏳ Пауза 5 секунд...

📌 Эксперимент 6/22

============================================================
Эксперимент: β=0.3, λ=0.1 - низкая активность
Параметры: N_max=100, C=4, λ=0.1, β=0.3, δ=0.2, T=100, прогонов=50
============================================================
Команда: C:\Users\user\AppData\Local\Microsoft\WindowsApps\PythonSoftwareFoundation.Python.3.13_qbz5n2kfra8p0\python.exe c:\Users\user\Desktop\asp\asp.py 100 4 0.1 0.3 0.2 100 50
--- РЕЗУЛЬТАТЫ ЭКСПЕРИМЕНТА ---
Рабочая директория: c:\Users\user\Desktop\asp
Запуск программы симуляции...
Нажмите Ctrl+C для прерывания

======================================================================
             МОДЕЛИРОВАНИЕ ЭПИДЕМИИ НА ДИНАМИЧЕСКОМ ГРАФЕ             
======================================================================

Автоматический режим с параметрами:
N_max=100, C=4.0, lambda=0.1, beta=0.3, delta=0.2, T=100, n_runs=50

======================================================================
                           ЗАПУСК СИМУЛЯЦИИ                           
======================================================================
Параметры: N_max=100, C=4.0, lambda=0.1, beta=0.3, delta=0.2, T=100, прогонов=50

Запуск 50 прогонов симуляции...
Запуск прогона 1/50
Запуск прогона 2/50
Запуск прогона 3/50
Запуск прогона 4/50
Запуск прогона 5/50
Запуск прогона 6/50
Запуск прогона 7/50
Запуск прогона 8/50
Запуск прогона 9/50
Запуск прогона 10/50
Запуск прогона 11/50
Запуск прогона 12/50
Запуск прогона 13/50
Запуск прогона 14/50
Запуск прогона 15/50
Запуск прогона 16/50
Запуск прогона 17/50
Запуск прогона 18/50
Запуск прогона 19/50
Запуск прогона 20/50
Запуск прогона 21/50
Запуск прогона 22/50
Запуск прогона 23/50
Запуск прогона 24/50
Запуск прогона 25/50
Запуск прогона 26/50
Запуск прогона 27/50
Запуск прогона 28/50
Запуск прогона 29/50
Запуск прогона 30/50
Запуск прогона 31/50
Запуск прогона 32/50
Запуск прогона 33/50
Запуск прогона 34/50
Запуск прогона 35/50
Запуск прогона 36/50
Запуск прогона 37/50
Запуск прогона 38/50
Запуск прогона 39/50
Запуск прогона 40/50
Запуск прогона 41/50
Запуск прогона 42/50
Запуск прогона 43/50
Запуск прогона 44/50
Запуск прогона 45/50
Запуск прогона 46/50
Запуск прогона 47/50
Запуск прогона 48/50
Запуск прогона 49/50
Запуск прогона 50/50

Все 50 прогонов завершены
Агрегированные данные сохранены: aggregated_beta0.30_delta0.20_lambda0.10_C4.0_T101.csv

✅ Создан файл: aggregated_beta0.30_delta0.20_lambda0.10_C4.0_T101.csv
✅ Переименован в: exp_beta0.3_lambda0.1_delta0.2_C4_aggregated_beta0.30_delta0.20_lambda0.10_C4.0_T101.csv
⏳ Пауза 5 секунд...

📌 Эксперимент 7/22

============================================================
Эксперимент: β=0.3, λ=0.3 - средняя активность
Параметры: N_max=100, C=4, λ=0.3, β=0.3, δ=0.2, T=100, прогонов=50
============================================================
Команда: C:\Users\user\AppData\Local\Microsoft\WindowsApps\PythonSoftwareFoundation.Python.3.13_qbz5n2kfra8p0\python.exe c:\Users\user\Desktop\asp\asp.py 100 4 0.3 0.3 0.2 100 50
--- РЕЗУЛЬТАТЫ ЭКСПЕРИМЕНТА ---
Рабочая директория: c:\Users\user\Desktop\asp
Запуск программы симуляции...
Нажмите Ctrl+C для прерывания

======================================================================
             МОДЕЛИРОВАНИЕ ЭПИДЕМИИ НА ДИНАМИЧЕСКОМ ГРАФЕ             
======================================================================

Автоматический режим с параметрами:
N_max=100, C=4.0, lambda=0.3, beta=0.3, delta=0.2, T=100, n_runs=50

======================================================================
                           ЗАПУСК СИМУЛЯЦИИ                           
======================================================================
Параметры: N_max=100, C=4.0, lambda=0.3, beta=0.3, delta=0.2, T=100, прогонов=50

Запуск 50 прогонов симуляции...
Запуск прогона 1/50
Запуск прогона 2/50
Запуск прогона 3/50
Запуск прогона 4/50
Запуск прогона 5/50
Запуск прогона 6/50
Запуск прогона 7/50
Запуск прогона 8/50
Запуск прогона 9/50
Запуск прогона 10/50
Запуск прогона 11/50
Запуск прогона 12/50
Запуск прогона 13/50
Запуск прогона 14/50
Запуск прогона 15/50
Запуск прогона 16/50
Запуск прогона 17/50
Запуск прогона 18/50
Запуск прогона 19/50
Запуск прогона 20/50
Запуск прогона 21/50
Запуск прогона 22/50
Запуск прогона 23/50
Запуск прогона 24/50
Запуск прогона 25/50
Запуск прогона 26/50
Запуск прогона 27/50
Запуск прогона 28/50
Запуск прогона 29/50
Запуск прогона 30/50
Запуск прогона 31/50
Запуск прогона 32/50
Запуск прогона 33/50
Запуск прогона 34/50
Запуск прогона 35/50
Запуск прогона 36/50
Запуск прогона 37/50
Запуск прогона 38/50
Запуск прогона 39/50
Запуск прогона 40/50
Запуск прогона 41/50
Запуск прогона 42/50
Запуск прогона 43/50
Запуск прогона 44/50
Запуск прогона 45/50
Запуск прогона 46/50
Запуск прогона 47/50
Запуск прогона 48/50
Запуск прогона 49/50
Запуск прогона 50/50

Все 50 прогонов завершены
Агрегированные данные сохранены: aggregated_beta0.30_delta0.20_lambda0.30_C4.0_T101.csv

✅ Создан файл: aggregated_beta0.30_delta0.20_lambda0.30_C4.0_T101.csv
✅ Переименован в: exp_beta0.3_lambda0.3_delta0.2_C4_aggregated_beta0.30_delta0.20_lambda0.30_C4.0_T101.csv
⏳ Пауза 5 секунд...

📌 Эксперимент 8/22

============================================================
Эксперимент: β=0.3, λ=0.5 - высокая активность
Параметры: N_max=100, C=4, λ=0.5, β=0.3, δ=0.2, T=100, прогонов=50
============================================================
Команда: C:\Users\user\AppData\Local\Microsoft\WindowsApps\PythonSoftwareFoundation.Python.3.13_qbz5n2kfra8p0\python.exe c:\Users\user\Desktop\asp\asp.py 100 4 0.5 0.3 0.2 100 50
--- РЕЗУЛЬТАТЫ ЭКСПЕРИМЕНТА ---
Рабочая директория: c:\Users\user\Desktop\asp
Запуск программы симуляции...
Нажмите Ctrl+C для прерывания

======================================================================
             МОДЕЛИРОВАНИЕ ЭПИДЕМИИ НА ДИНАМИЧЕСКОМ ГРАФЕ             
======================================================================

Автоматический режим с параметрами:
N_max=100, C=4.0, lambda=0.5, beta=0.3, delta=0.2, T=100, n_runs=50

======================================================================
                           ЗАПУСК СИМУЛЯЦИИ                           
======================================================================
Параметры: N_max=100, C=4.0, lambda=0.5, beta=0.3, delta=0.2, T=100, прогонов=50

Запуск 50 прогонов симуляции...
Запуск прогона 1/50
Запуск прогона 2/50
Запуск прогона 3/50
Запуск прогона 4/50
Запуск прогона 5/50
Запуск прогона 6/50
Запуск прогона 7/50
Запуск прогона 8/50
Запуск прогона 9/50
Запуск прогона 10/50
Запуск прогона 11/50
Запуск прогона 12/50
Запуск прогона 13/50
Запуск прогона 14/50
Запуск прогона 15/50
Запуск прогона 16/50
Запуск прогона 17/50
Запуск прогона 18/50
Запуск прогона 19/50
Запуск прогона 20/50
Запуск прогона 21/50
Запуск прогона 22/50
Запуск прогона 23/50
Запуск прогона 24/50
Запуск прогона 25/50
Запуск прогона 26/50
Запуск прогона 27/50
Запуск прогона 28/50
Запуск прогона 29/50
Запуск прогона 30/50
Запуск прогона 31/50
Запуск прогона 32/50
Запуск прогона 33/50
Запуск прогона 34/50
Запуск прогона 35/50
Запуск прогона 36/50
Запуск прогона 37/50
Запуск прогона 38/50
Запуск прогона 39/50
Запуск прогона 40/50
Запуск прогона 41/50
Запуск прогона 42/50
Запуск прогона 43/50
Запуск прогона 44/50
Запуск прогона 45/50
Запуск прогона 46/50
Запуск прогона 47/50
Запуск прогона 48/50
Запуск прогона 49/50
Запуск прогона 50/50

Все 50 прогонов завершены
Агрегированные данные сохранены: aggregated_beta0.30_delta0.20_lambda0.50_C4.0_T101.csv

✅ Создан файл: aggregated_beta0.30_delta0.20_lambda0.50_C4.0_T101.csv
✅ Переименован в: exp_beta0.3_lambda0.5_delta0.2_C4_aggregated_beta0.30_delta0.20_lambda0.50_C4.0_T101.csv
⏳ Пауза 5 секунд...

📌 Эксперимент 9/22

============================================================
Эксперимент: β=0.3, λ=0.7 - очень высокая активность
Параметры: N_max=100, C=4, λ=0.7, β=0.3, δ=0.2, T=100, прогонов=50
============================================================
Команда: C:\Users\user\AppData\Local\Microsoft\WindowsApps\PythonSoftwareFoundation.Python.3.13_qbz5n2kfra8p0\python.exe c:\Users\user\Desktop\asp\asp.py 100 4 0.7 0.3 0.2 100 50
--- РЕЗУЛЬТАТЫ ЭКСПЕРИМЕНТА ---
Рабочая директория: c:\Users\user\Desktop\asp
Запуск программы симуляции...
Нажмите Ctrl+C для прерывания

======================================================================
             МОДЕЛИРОВАНИЕ ЭПИДЕМИИ НА ДИНАМИЧЕСКОМ ГРАФЕ             
======================================================================

Автоматический режим с параметрами:
N_max=100, C=4.0, lambda=0.7, beta=0.3, delta=0.2, T=100, n_runs=50

======================================================================
                           ЗАПУСК СИМУЛЯЦИИ                           
======================================================================
Параметры: N_max=100, C=4.0, lambda=0.7, beta=0.3, delta=0.2, T=100, прогонов=50

Запуск 50 прогонов симуляции...
Запуск прогона 1/50
Запуск прогона 2/50
Запуск прогона 3/50
Запуск прогона 4/50
Запуск прогона 5/50
Запуск прогона 6/50
Запуск прогона 7/50
Запуск прогона 8/50
Запуск прогона 9/50
Запуск прогона 10/50
Запуск прогона 11/50
Запуск прогона 12/50
Запуск прогона 13/50
Запуск прогона 14/50
Запуск прогона 15/50
Запуск прогона 16/50
Запуск прогона 17/50
Запуск прогона 18/50
Запуск прогона 19/50
Запуск прогона 20/50
Запуск прогона 21/50
Запуск прогона 22/50
Запуск прогона 23/50
Запуск прогона 24/50
Запуск прогона 25/50
Запуск прогона 26/50
Запуск прогона 27/50
Запуск прогона 28/50
Запуск прогона 29/50
Запуск прогона 30/50
Запуск прогона 31/50
Запуск прогона 32/50
Запуск прогона 33/50
Запуск прогона 34/50
Запуск прогона 35/50
Запуск прогона 36/50
Запуск прогона 37/50
Запуск прогона 38/50
Запуск прогона 39/50
Запуск прогона 40/50
Запуск прогона 41/50
Запуск прогона 42/50
Запуск прогона 43/50
Запуск прогона 44/50
Запуск прогона 45/50
Запуск прогона 46/50
Запуск прогона 47/50
Запуск прогона 48/50
Запуск прогона 49/50
Запуск прогона 50/50

Все 50 прогонов завершены
Агрегированные данные сохранены: aggregated_beta0.30_delta0.20_lambda0.70_C4.0_T101.csv

✅ Создан файл: aggregated_beta0.30_delta0.20_lambda0.70_C4.0_T101.csv
✅ Переименован в: exp_beta0.3_lambda0.7_delta0.2_C4_aggregated_beta0.30_delta0.20_lambda0.70_C4.0_T101.csv
⏳ Пауза 5 секунд...

📌 Эксперимент 10/22

============================================================
Эксперимент: β=0.9, λ=0.1 - низкая активность
Параметры: N_max=100, C=4, λ=0.1, β=0.9, δ=0.2, T=100, прогонов=50
============================================================
Команда: C:\Users\user\AppData\Local\Microsoft\WindowsApps\PythonSoftwareFoundation.Python.3.13_qbz5n2kfra8p0\python.exe c:\Users\user\Desktop\asp\asp.py 100 4 0.1 0.9 0.2 100 50
--- РЕЗУЛЬТАТЫ ЭКСПЕРИМЕНТА ---
Рабочая директория: c:\Users\user\Desktop\asp
Запуск программы симуляции...
Нажмите Ctrl+C для прерывания

======================================================================
             МОДЕЛИРОВАНИЕ ЭПИДЕМИИ НА ДИНАМИЧЕСКОМ ГРАФЕ             
======================================================================

Автоматический режим с параметрами:
N_max=100, C=4.0, lambda=0.1, beta=0.9, delta=0.2, T=100, n_runs=50

======================================================================
                           ЗАПУСК СИМУЛЯЦИИ                           
======================================================================
Параметры: N_max=100, C=4.0, lambda=0.1, beta=0.9, delta=0.2, T=100, прогонов=50

Запуск 50 прогонов симуляции...
Запуск прогона 1/50
Запуск прогона 2/50
Запуск прогона 3/50
Запуск прогона 4/50
Запуск прогона 5/50
Запуск прогона 6/50
Запуск прогона 7/50
Запуск прогона 8/50
Запуск прогона 9/50
Запуск прогона 10/50
Запуск прогона 11/50
Запуск прогона 12/50
Запуск прогона 13/50
Запуск прогона 14/50
Запуск прогона 15/50
Запуск прогона 16/50
Запуск прогона 17/50
Запуск прогона 18/50
Запуск прогона 19/50
Запуск прогона 20/50
Запуск прогона 21/50
Запуск прогона 22/50
Запуск прогона 23/50
Запуск прогона 24/50
Запуск прогона 25/50
Запуск прогона 26/50
Запуск прогона 27/50
Запуск прогона 28/50
Запуск прогона 29/50
Запуск прогона 30/50
Запуск прогона 31/50
Запуск прогона 32/50
Запуск прогона 33/50
Запуск прогона 34/50
Запуск прогона 35/50
Запуск прогона 36/50
Запуск прогона 37/50
Запуск прогона 38/50
Запуск прогона 39/50
Запуск прогона 40/50
Запуск прогона 41/50
Запуск прогона 42/50
Запуск прогона 43/50
Запуск прогона 44/50
Запуск прогона 45/50
Запуск прогона 46/50
Запуск прогона 47/50
Запуск прогона 48/50
Запуск прогона 49/50
Запуск прогона 50/50

Все 50 прогонов завершены
Агрегированные данные сохранены: aggregated_beta0.90_delta0.20_lambda0.10_C4.0_T101.csv

✅ Создан файл: aggregated_beta0.90_delta0.20_lambda0.10_C4.0_T101.csv
✅ Переименован в: exp_beta0.9_lambda0.1_delta0.2_C4_aggregated_beta0.90_delta0.20_lambda0.10_C4.0_T101.csv
⏳ Пауза 5 секунд...

📌 Эксперимент 11/22

============================================================
Эксперимент: β=0.9, λ=0.3 - средняя активность
Параметры: N_max=100, C=4, λ=0.3, β=0.9, δ=0.2, T=100, прогонов=50
============================================================
Команда: C:\Users\user\AppData\Local\Microsoft\WindowsApps\PythonSoftwareFoundation.Python.3.13_qbz5n2kfra8p0\python.exe c:\Users\user\Desktop\asp\asp.py 100 4 0.3 0.9 0.2 100 50
--- РЕЗУЛЬТАТЫ ЭКСПЕРИМЕНТА ---
Рабочая директория: c:\Users\user\Desktop\asp
Запуск программы симуляции...
Нажмите Ctrl+C для прерывания

======================================================================
             МОДЕЛИРОВАНИЕ ЭПИДЕМИИ НА ДИНАМИЧЕСКОМ ГРАФЕ             
======================================================================

Автоматический режим с параметрами:
N_max=100, C=4.0, lambda=0.3, beta=0.9, delta=0.2, T=100, n_runs=50

======================================================================
                           ЗАПУСК СИМУЛЯЦИИ                           
======================================================================
Параметры: N_max=100, C=4.0, lambda=0.3, beta=0.9, delta=0.2, T=100, прогонов=50

Запуск 50 прогонов симуляции...
Запуск прогона 1/50
Запуск прогона 2/50
Запуск прогона 3/50
Запуск прогона 4/50
Запуск прогона 5/50
Запуск прогона 6/50
Запуск прогона 7/50
Запуск прогона 8/50
Запуск прогона 9/50
Запуск прогона 10/50
Запуск прогона 11/50
Запуск прогона 12/50
Запуск прогона 13/50
Запуск прогона 14/50
Запуск прогона 15/50
Запуск прогона 16/50
Запуск прогона 17/50
Запуск прогона 18/50
Запуск прогона 19/50
Запуск прогона 20/50
Запуск прогона 21/50
Запуск прогона 22/50
Запуск прогона 23/50
Запуск прогона 24/50
Запуск прогона 25/50
Запуск прогона 26/50
Запуск прогона 27/50
Запуск прогона 28/50
Запуск прогона 29/50
Запуск прогона 30/50
Запуск прогона 31/50
Запуск прогона 32/50
Запуск прогона 33/50
Запуск прогона 34/50
Запуск прогона 35/50
Запуск прогона 36/50
Запуск прогона 37/50
Запуск прогона 38/50
Запуск прогона 39/50
Запуск прогона 40/50
Запуск прогона 41/50
Запуск прогона 42/50
Запуск прогона 43/50
Запуск прогона 44/50
Запуск прогона 45/50
Запуск прогона 46/50
Запуск прогона 47/50
Запуск прогона 48/50
Запуск прогона 49/50
Запуск прогона 50/50

Все 50 прогонов завершены
Агрегированные данные сохранены: aggregated_beta0.90_delta0.20_lambda0.30_C4.0_T101.csv

✅ Создан файл: aggregated_beta0.90_delta0.20_lambda0.30_C4.0_T101.csv
✅ Переименован в: exp_beta0.9_lambda0.3_delta0.2_C4_aggregated_beta0.90_delta0.20_lambda0.30_C4.0_T101.csv
⏳ Пауза 5 секунд...

📌 Эксперимент 12/22

============================================================
Эксперимент: β=0.9, λ=0.5 - высокая активность
Параметры: N_max=100, C=4, λ=0.5, β=0.9, δ=0.2, T=100, прогонов=50
============================================================
Команда: C:\Users\user\AppData\Local\Microsoft\WindowsApps\PythonSoftwareFoundation.Python.3.13_qbz5n2kfra8p0\python.exe c:\Users\user\Desktop\asp\asp.py 100 4 0.5 0.9 0.2 100 50
--- РЕЗУЛЬТАТЫ ЭКСПЕРИМЕНТА ---
Рабочая директория: c:\Users\user\Desktop\asp
Запуск программы симуляции...
Нажмите Ctrl+C для прерывания

======================================================================
             МОДЕЛИРОВАНИЕ ЭПИДЕМИИ НА ДИНАМИЧЕСКОМ ГРАФЕ             
======================================================================

Автоматический режим с параметрами:
N_max=100, C=4.0, lambda=0.5, beta=0.9, delta=0.2, T=100, n_runs=50

======================================================================
                           ЗАПУСК СИМУЛЯЦИИ                           
======================================================================
Параметры: N_max=100, C=4.0, lambda=0.5, beta=0.9, delta=0.2, T=100, прогонов=50

Запуск 50 прогонов симуляции...
Запуск прогона 1/50
Запуск прогона 2/50
Запуск прогона 3/50
Запуск прогона 4/50
Запуск прогона 5/50
Запуск прогона 6/50
Запуск прогона 7/50
Запуск прогона 8/50
Запуск прогона 9/50
Запуск прогона 10/50
Запуск прогона 11/50
Запуск прогона 12/50
Запуск прогона 13/50
Запуск прогона 14/50
Запуск прогона 15/50
Запуск прогона 16/50
Запуск прогона 17/50
Запуск прогона 18/50
Запуск прогона 19/50
Запуск прогона 20/50
Запуск прогона 21/50
Запуск прогона 22/50
Запуск прогона 23/50
Запуск прогона 24/50
Запуск прогона 25/50
Запуск прогона 26/50
Запуск прогона 27/50
Запуск прогона 28/50
Запуск прогона 29/50
Запуск прогона 30/50
Запуск прогона 31/50
Запуск прогона 32/50
Запуск прогона 33/50
Запуск прогона 34/50
Запуск прогона 35/50
Запуск прогона 36/50
Запуск прогона 37/50
Запуск прогона 38/50
Запуск прогона 39/50
Запуск прогона 40/50
Запуск прогона 41/50
Запуск прогона 42/50
Запуск прогона 43/50
Запуск прогона 44/50
Запуск прогона 45/50
Запуск прогона 46/50
Запуск прогона 47/50
Запуск прогона 48/50
Запуск прогона 49/50
Запуск прогона 50/50

Все 50 прогонов завершены
Агрегированные данные сохранены: aggregated_beta0.90_delta0.20_lambda0.50_C4.0_T101.csv

✅ Создан файл: aggregated_beta0.90_delta0.20_lambda0.50_C4.0_T101.csv
✅ Переименован в: exp_beta0.9_lambda0.5_delta0.2_C4_aggregated_beta0.90_delta0.20_lambda0.50_C4.0_T101.csv
⏳ Пауза 5 секунд...

📌 Эксперимент 13/22

============================================================
Эксперимент: β=0.9, λ=0.7 - очень высокая активность
Параметры: N_max=100, C=4, λ=0.7, β=0.9, δ=0.2, T=100, прогонов=50
============================================================
Команда: C:\Users\user\AppData\Local\Microsoft\WindowsApps\PythonSoftwareFoundation.Python.3.13_qbz5n2kfra8p0\python.exe c:\Users\user\Desktop\asp\asp.py 100 4 0.7 0.9 0.2 100 50
--- РЕЗУЛЬТАТЫ ЭКСПЕРИМЕНТА ---
Рабочая директория: c:\Users\user\Desktop\asp
Запуск программы симуляции...
Нажмите Ctrl+C для прерывания

======================================================================
             МОДЕЛИРОВАНИЕ ЭПИДЕМИИ НА ДИНАМИЧЕСКОМ ГРАФЕ             
======================================================================

Автоматический режим с параметрами:
N_max=100, C=4.0, lambda=0.7, beta=0.9, delta=0.2, T=100, n_runs=50

======================================================================
                           ЗАПУСК СИМУЛЯЦИИ                           
======================================================================
Параметры: N_max=100, C=4.0, lambda=0.7, beta=0.9, delta=0.2, T=100, прогонов=50

Запуск 50 прогонов симуляции...
Запуск прогона 1/50
Запуск прогона 2/50
Запуск прогона 3/50
Запуск прогона 4/50
Запуск прогона 5/50
Запуск прогона 6/50
Запуск прогона 7/50
Запуск прогона 8/50
Запуск прогона 9/50
Запуск прогона 10/50
Запуск прогона 11/50
Запуск прогона 12/50
Запуск прогона 13/50
Запуск прогона 14/50
Запуск прогона 15/50
Запуск прогона 16/50
Запуск прогона 17/50
Запуск прогона 18/50
Запуск прогона 19/50
Запуск прогона 20/50
Запуск прогона 21/50
Запуск прогона 22/50
Запуск прогона 23/50
Запуск прогона 24/50
Запуск прогона 25/50
Запуск прогона 26/50
Запуск прогона 27/50
Запуск прогона 28/50
Запуск прогона 29/50
Запуск прогона 30/50
Запуск прогона 31/50
Запуск прогона 32/50
Запуск прогона 33/50
Запуск прогона 34/50
Запуск прогона 35/50
Запуск прогона 36/50
Запуск прогона 37/50
Запуск прогона 38/50
Запуск прогона 39/50
Запуск прогона 40/50
Запуск прогона 41/50
Запуск прогона 42/50
Запуск прогона 43/50
Запуск прогона 44/50
Запуск прогона 45/50
Запуск прогона 46/50
Запуск прогона 47/50
Запуск прогона 48/50
Запуск прогона 49/50
Запуск прогона 50/50

Все 50 прогонов завершены
Агрегированные данные сохранены: aggregated_beta0.90_delta0.20_lambda0.70_C4.0_T101.csv

✅ Создан файл: aggregated_beta0.90_delta0.20_lambda0.70_C4.0_T101.csv
✅ Переименован в: exp_beta0.9_lambda0.7_delta0.2_C4_aggregated_beta0.90_delta0.20_lambda0.70_C4.0_T101.csv
⏳ Пауза 5 секунд...

📌 Эксперимент 14/22

============================================================
Эксперимент: δ=0.05 - очень медленное выздоровление
Параметры: N_max=100, C=4, λ=0.3, β=0.8, δ=0.05, T=100, прогонов=50
============================================================
Команда: C:\Users\user\AppData\Local\Microsoft\WindowsApps\PythonSoftwareFoundation.Python.3.13_qbz5n2kfra8p0\python.exe c:\Users\user\Desktop\asp\asp.py 100 4 0.3 0.8 0.05 100 50
--- РЕЗУЛЬТАТЫ ЭКСПЕРИМЕНТА ---
Рабочая директория: c:\Users\user\Desktop\asp
Запуск программы симуляции...
Нажмите Ctrl+C для прерывания

======================================================================
             МОДЕЛИРОВАНИЕ ЭПИДЕМИИ НА ДИНАМИЧЕСКОМ ГРАФЕ             
======================================================================

Автоматический режим с параметрами:
N_max=100, C=4.0, lambda=0.3, beta=0.8, delta=0.05, T=100, n_runs=50

======================================================================
                           ЗАПУСК СИМУЛЯЦИИ                           
======================================================================
Параметры: N_max=100, C=4.0, lambda=0.3, beta=0.8, delta=0.05, T=100, прогонов=50

Запуск 50 прогонов симуляции...
Запуск прогона 1/50
Запуск прогона 2/50
Запуск прогона 3/50
Запуск прогона 4/50
Запуск прогона 5/50
Запуск прогона 6/50
Запуск прогона 7/50
Запуск прогона 8/50
Запуск прогона 9/50
Запуск прогона 10/50
Запуск прогона 11/50
Запуск прогона 12/50
Запуск прогона 13/50
Запуск прогона 14/50
Запуск прогона 15/50
Запуск прогона 16/50
Запуск прогона 17/50
Запуск прогона 18/50
Запуск прогона 19/50
Запуск прогона 20/50
Запуск прогона 21/50
Запуск прогона 22/50
Запуск прогона 23/50
Запуск прогона 24/50
Запуск прогона 25/50
Запуск прогона 26/50
Запуск прогона 27/50
Запуск прогона 28/50
Запуск прогона 29/50
Запуск прогона 30/50
Запуск прогона 31/50
Запуск прогона 32/50
Запуск прогона 33/50
Запуск прогона 34/50
Запуск прогона 35/50
Запуск прогона 36/50
Запуск прогона 37/50
Запуск прогона 38/50
Запуск прогона 39/50
Запуск прогона 40/50
Запуск прогона 41/50
Запуск прогона 42/50
Запуск прогона 43/50
Запуск прогона 44/50
Запуск прогона 45/50
Запуск прогона 46/50
Запуск прогона 47/50
Запуск прогона 48/50
Запуск прогона 49/50
Запуск прогона 50/50

Все 50 прогонов завершены
Агрегированные данные сохранены: aggregated_beta0.80_delta0.05_lambda0.30_C4.0_T101.csv

✅ Создан файл: aggregated_beta0.80_delta0.05_lambda0.30_C4.0_T101.csv
✅ Переименован в: exp_beta0.8_lambda0.3_delta0.05_C4_aggregated_beta0.80_delta0.05_lambda0.30_C4.0_T101.csv
⏳ Пауза 5 секунд...

📌 Эксперимент 15/22

============================================================
Эксперимент: δ=0.1 - медленное выздоровление
Параметры: N_max=100, C=4, λ=0.3, β=0.8, δ=0.1, T=100, прогонов=50
============================================================
Команда: C:\Users\user\AppData\Local\Microsoft\WindowsApps\PythonSoftwareFoundation.Python.3.13_qbz5n2kfra8p0\python.exe c:\Users\user\Desktop\asp\asp.py 100 4 0.3 0.8 0.1 100 50
--- РЕЗУЛЬТАТЫ ЭКСПЕРИМЕНТА ---
Рабочая директория: c:\Users\user\Desktop\asp
Запуск программы симуляции...
Нажмите Ctrl+C для прерывания

======================================================================
             МОДЕЛИРОВАНИЕ ЭПИДЕМИИ НА ДИНАМИЧЕСКОМ ГРАФЕ             
======================================================================

Автоматический режим с параметрами:
N_max=100, C=4.0, lambda=0.3, beta=0.8, delta=0.1, T=100, n_runs=50

======================================================================
                           ЗАПУСК СИМУЛЯЦИИ                           
======================================================================
Параметры: N_max=100, C=4.0, lambda=0.3, beta=0.8, delta=0.1, T=100, прогонов=50

Запуск 50 прогонов симуляции...
Запуск прогона 1/50
Запуск прогона 2/50
Запуск прогона 3/50
Запуск прогона 4/50
Запуск прогона 5/50
Запуск прогона 6/50
Запуск прогона 7/50
Запуск прогона 8/50
Запуск прогона 9/50
Запуск прогона 10/50
Запуск прогона 11/50
Запуск прогона 12/50
Запуск прогона 13/50
Запуск прогона 14/50
Запуск прогона 15/50
Запуск прогона 16/50
Запуск прогона 17/50
Запуск прогона 18/50
Запуск прогона 19/50
Запуск прогона 20/50
Запуск прогона 21/50
Запуск прогона 22/50
Запуск прогона 23/50
Запуск прогона 24/50
Запуск прогона 25/50
Запуск прогона 26/50
Запуск прогона 27/50
Запуск прогона 28/50
Запуск прогона 29/50
Запуск прогона 30/50
Запуск прогона 31/50
Запуск прогона 32/50
Запуск прогона 33/50
Запуск прогона 34/50
Запуск прогона 35/50
Запуск прогона 36/50
Запуск прогона 37/50
Запуск прогона 38/50
Запуск прогона 39/50
Запуск прогона 40/50
Запуск прогона 41/50
Запуск прогона 42/50
Запуск прогона 43/50
Запуск прогона 44/50
Запуск прогона 45/50
Запуск прогона 46/50
Запуск прогона 47/50
Запуск прогона 48/50
Запуск прогона 49/50
Запуск прогона 50/50

Все 50 прогонов завершены
Агрегированные данные сохранены: aggregated_beta0.80_delta0.10_lambda0.30_C4.0_T101.csv

✅ Создан файл: aggregated_beta0.80_delta0.10_lambda0.30_C4.0_T101.csv
✅ Переименован в: exp_beta0.8_lambda0.3_delta0.1_C4_aggregated_beta0.80_delta0.10_lambda0.30_C4.0_T101.csv
⏳ Пауза 5 секунд...

📌 Эксперимент 16/22

============================================================
Эксперимент: δ=0.2 - среднее выздоровление
Параметры: N_max=100, C=4, λ=0.3, β=0.8, δ=0.2, T=100, прогонов=50
============================================================
Команда: C:\Users\user\AppData\Local\Microsoft\WindowsApps\PythonSoftwareFoundation.Python.3.13_qbz5n2kfra8p0\python.exe c:\Users\user\Desktop\asp\asp.py 100 4 0.3 0.8 0.2 100 50
--- РЕЗУЛЬТАТЫ ЭКСПЕРИМЕНТА ---
Рабочая директория: c:\Users\user\Desktop\asp
Запуск программы симуляции...
Нажмите Ctrl+C для прерывания

======================================================================
             МОДЕЛИРОВАНИЕ ЭПИДЕМИИ НА ДИНАМИЧЕСКОМ ГРАФЕ             
======================================================================

Автоматический режим с параметрами:
N_max=100, C=4.0, lambda=0.3, beta=0.8, delta=0.2, T=100, n_runs=50

======================================================================
                           ЗАПУСК СИМУЛЯЦИИ                           
======================================================================
Параметры: N_max=100, C=4.0, lambda=0.3, beta=0.8, delta=0.2, T=100, прогонов=50

Запуск 50 прогонов симуляции...
Запуск прогона 1/50
Запуск прогона 2/50
Запуск прогона 3/50
Запуск прогона 4/50
Запуск прогона 5/50
Запуск прогона 6/50
Запуск прогона 7/50
Запуск прогона 8/50
Запуск прогона 9/50
Запуск прогона 10/50
Запуск прогона 11/50
Запуск прогона 12/50
Запуск прогона 13/50
Запуск прогона 14/50
Запуск прогона 15/50
Запуск прогона 16/50
Запуск прогона 17/50
Запуск прогона 18/50
Запуск прогона 19/50
Запуск прогона 20/50
Запуск прогона 21/50
Запуск прогона 22/50
Запуск прогона 23/50
Запуск прогона 24/50
Запуск прогона 25/50
Запуск прогона 26/50
Запуск прогона 27/50
Запуск прогона 28/50
Запуск прогона 29/50
Запуск прогона 30/50
Запуск прогона 31/50
Запуск прогона 32/50
Запуск прогона 33/50
Запуск прогона 34/50
Запуск прогона 35/50
Запуск прогона 36/50
Запуск прогона 37/50
Запуск прогона 38/50
Запуск прогона 39/50
Запуск прогона 40/50
Запуск прогона 41/50
Запуск прогона 42/50
Запуск прогона 43/50
Запуск прогона 44/50
Запуск прогона 45/50
Запуск прогона 46/50
Запуск прогона 47/50
Запуск прогона 48/50
Запуск прогона 49/50
Запуск прогона 50/50

Все 50 прогонов завершены
Агрегированные данные сохранены: aggregated_beta0.80_delta0.20_lambda0.30_C4.0_T101.csv

✅ Создан файл: aggregated_beta0.80_delta0.20_lambda0.30_C4.0_T101.csv
✅ Переименован в: exp_beta0.8_lambda0.3_delta0.2_C4_aggregated_beta0.80_delta0.20_lambda0.30_C4.0_T101.csv
⏳ Пауза 5 секунд...

📌 Эксперимент 17/22

============================================================
Эксперимент: δ=0.4 - быстрое выздоровление
Параметры: N_max=100, C=4, λ=0.3, β=0.8, δ=0.4, T=100, прогонов=50
============================================================
Команда: C:\Users\user\AppData\Local\Microsoft\WindowsApps\PythonSoftwareFoundation.Python.3.13_qbz5n2kfra8p0\python.exe c:\Users\user\Desktop\asp\asp.py 100 4 0.3 0.8 0.4 100 50
--- РЕЗУЛЬТАТЫ ЭКСПЕРИМЕНТА ---
Рабочая директория: c:\Users\user\Desktop\asp
Запуск программы симуляции...
Нажмите Ctrl+C для прерывания

======================================================================
             МОДЕЛИРОВАНИЕ ЭПИДЕМИИ НА ДИНАМИЧЕСКОМ ГРАФЕ             
======================================================================

Автоматический режим с параметрами:
N_max=100, C=4.0, lambda=0.3, beta=0.8, delta=0.4, T=100, n_runs=50

======================================================================
                           ЗАПУСК СИМУЛЯЦИИ                           
======================================================================
Параметры: N_max=100, C=4.0, lambda=0.3, beta=0.8, delta=0.4, T=100, прогонов=50

Запуск 50 прогонов симуляции...
Запуск прогона 1/50
Запуск прогона 2/50
Запуск прогона 3/50
Запуск прогона 4/50
Запуск прогона 5/50
Запуск прогона 6/50
Запуск прогона 7/50
Запуск прогона 8/50
Запуск прогона 9/50
Запуск прогона 10/50
Запуск прогона 11/50
Запуск прогона 12/50
Запуск прогона 13/50
Запуск прогона 14/50
Запуск прогона 15/50
Запуск прогона 16/50
Запуск прогона 17/50
Запуск прогона 18/50
Запуск прогона 19/50
Запуск прогона 20/50
Запуск прогона 21/50
Запуск прогона 22/50
Запуск прогона 23/50
Запуск прогона 24/50
Запуск прогона 25/50
Запуск прогона 26/50
Запуск прогона 27/50
Запуск прогона 28/50
Запуск прогона 29/50
Запуск прогона 30/50
Запуск прогона 31/50
Запуск прогона 32/50
Запуск прогона 33/50
Запуск прогона 34/50
Запуск прогона 35/50
Запуск прогона 36/50
Запуск прогона 37/50
Запуск прогона 38/50
Запуск прогона 39/50
Запуск прогона 40/50
Запуск прогона 41/50
Запуск прогона 42/50
Запуск прогона 43/50
Запуск прогона 44/50
Запуск прогона 45/50
Запуск прогона 46/50
Запуск прогона 47/50
Запуск прогона 48/50
Запуск прогона 49/50
Запуск прогона 50/50

Все 50 прогонов завершены
Агрегированные данные сохранены: aggregated_beta0.80_delta0.40_lambda0.30_C4.0_T101.csv

✅ Создан файл: aggregated_beta0.80_delta0.40_lambda0.30_C4.0_T101.csv
✅ Переименован в: exp_beta0.8_lambda0.3_delta0.4_C4_aggregated_beta0.80_delta0.40_lambda0.30_C4.0_T101.csv
⏳ Пауза 5 секунд...

📌 Эксперимент 18/22

============================================================
Эксперимент: δ=0.7 - очень быстрое выздоровление
Параметры: N_max=100, C=4, λ=0.3, β=0.8, δ=0.7, T=100, прогонов=50
============================================================
Команда: C:\Users\user\AppData\Local\Microsoft\WindowsApps\PythonSoftwareFoundation.Python.3.13_qbz5n2kfra8p0\python.exe c:\Users\user\Desktop\asp\asp.py 100 4 0.3 0.8 0.7 100 50
--- РЕЗУЛЬТАТЫ ЭКСПЕРИМЕНТА ---
Рабочая директория: c:\Users\user\Desktop\asp
Запуск программы симуляции...
Нажмите Ctrl+C для прерывания

======================================================================
             МОДЕЛИРОВАНИЕ ЭПИДЕМИИ НА ДИНАМИЧЕСКОМ ГРАФЕ             
======================================================================

Автоматический режим с параметрами:
N_max=100, C=4.0, lambda=0.3, beta=0.8, delta=0.7, T=100, n_runs=50

======================================================================
                           ЗАПУСК СИМУЛЯЦИИ                           
======================================================================
Параметры: N_max=100, C=4.0, lambda=0.3, beta=0.8, delta=0.7, T=100, прогонов=50

Запуск 50 прогонов симуляции...
Запуск прогона 1/50
Запуск прогона 2/50
Запуск прогона 3/50
Запуск прогона 4/50
Запуск прогона 5/50
Запуск прогона 6/50
Запуск прогона 7/50
Запуск прогона 8/50
Запуск прогона 9/50
Запуск прогона 10/50
Запуск прогона 11/50
Запуск прогона 12/50
Запуск прогона 13/50
Запуск прогона 14/50
Запуск прогона 15/50
Запуск прогона 16/50
Запуск прогона 17/50
Запуск прогона 18/50
Запуск прогона 19/50
Запуск прогона 20/50
Запуск прогона 21/50
Запуск прогона 22/50
Запуск прогона 23/50
Запуск прогона 24/50
Запуск прогона 25/50
Запуск прогона 26/50
Запуск прогона 27/50
Запуск прогона 28/50
Запуск прогона 29/50
Запуск прогона 30/50
Запуск прогона 31/50
Запуск прогона 32/50
Запуск прогона 33/50
Запуск прогона 34/50
Запуск прогона 35/50
Запуск прогона 36/50
Запуск прогона 37/50
Запуск прогона 38/50
Запуск прогона 39/50
Запуск прогона 40/50
Запуск прогона 41/50
Запуск прогона 42/50
Запуск прогона 43/50
Запуск прогона 44/50
Запуск прогона 45/50
Запуск прогона 46/50
Запуск прогона 47/50
Запуск прогона 48/50
Запуск прогона 49/50
Запуск прогона 50/50

Все 50 прогонов завершены
Агрегированные данные сохранены: aggregated_beta0.80_delta0.70_lambda0.30_C4.0_T101.csv

✅ Создан файл: aggregated_beta0.80_delta0.70_lambda0.30_C4.0_T101.csv
✅ Переименован в: exp_beta0.8_lambda0.3_delta0.7_C4_aggregated_beta0.80_delta0.70_lambda0.30_C4.0_T101.csv
⏳ Пауза 5 секунд...

📌 Эксперимент 19/22

============================================================
Эксперимент: C=2 - разреженная сеть
Параметры: N_max=100, C=2, λ=0.3, β=0.6, δ=0.2, T=100, прогонов=50
============================================================
Команда: C:\Users\user\AppData\Local\Microsoft\WindowsApps\PythonSoftwareFoundation.Python.3.13_qbz5n2kfra8p0\python.exe c:\Users\user\Desktop\asp\asp.py 100 2 0.3 0.6 0.2 100 50
--- РЕЗУЛЬТАТЫ ЭКСПЕРИМЕНТА ---
Рабочая директория: c:\Users\user\Desktop\asp
Запуск программы симуляции...
Нажмите Ctrl+C для прерывания

======================================================================
             МОДЕЛИРОВАНИЕ ЭПИДЕМИИ НА ДИНАМИЧЕСКОМ ГРАФЕ             
======================================================================

Автоматический режим с параметрами:
N_max=100, C=2.0, lambda=0.3, beta=0.6, delta=0.2, T=100, n_runs=50

======================================================================
                           ЗАПУСК СИМУЛЯЦИИ                           
======================================================================
Параметры: N_max=100, C=2.0, lambda=0.3, beta=0.6, delta=0.2, T=100, прогонов=50

Запуск 50 прогонов симуляции...
Запуск прогона 1/50
Запуск прогона 2/50
Запуск прогона 3/50
Запуск прогона 4/50
Запуск прогона 5/50
Запуск прогона 6/50
Запуск прогона 7/50
Запуск прогона 8/50
Запуск прогона 9/50
Запуск прогона 10/50
Запуск прогона 11/50
Запуск прогона 12/50
Запуск прогона 13/50
Запуск прогона 14/50
Запуск прогона 15/50
Запуск прогона 16/50
Запуск прогона 17/50
Запуск прогона 18/50
Запуск прогона 19/50
Запуск прогона 20/50
Запуск прогона 21/50
Запуск прогона 22/50
Запуск прогона 23/50
Запуск прогона 24/50
Запуск прогона 25/50
Запуск прогона 26/50
Запуск прогона 27/50
Запуск прогона 28/50
Запуск прогона 29/50
Запуск прогона 30/50
Запуск прогона 31/50
Запуск прогона 32/50
Запуск прогона 33/50
Запуск прогона 34/50
Запуск прогона 35/50
Запуск прогона 36/50
Запуск прогона 37/50
Запуск прогона 38/50
Запуск прогона 39/50
Запуск прогона 40/50
Запуск прогона 41/50
Запуск прогона 42/50
Запуск прогона 43/50
Запуск прогона 44/50
Запуск прогона 45/50
Запуск прогона 46/50
Запуск прогона 47/50
Запуск прогона 48/50
Запуск прогона 49/50
Запуск прогона 50/50

Все 50 прогонов завершены
Агрегированные данные сохранены: aggregated_beta0.60_delta0.20_lambda0.30_C2.0_T101.csv

✅ Создан файл: aggregated_beta0.60_delta0.20_lambda0.30_C2.0_T101.csv
✅ Переименован в: exp_beta0.6_lambda0.3_delta0.2_C2_aggregated_beta0.60_delta0.20_lambda0.30_C2.0_T101.csv
⏳ Пауза 5 секунд...

📌 Эксперимент 20/22

============================================================
Эксперимент: C=4 - средняя связность
Параметры: N_max=100, C=4, λ=0.3, β=0.6, δ=0.2, T=100, прогонов=50
============================================================
Команда: C:\Users\user\AppData\Local\Microsoft\WindowsApps\PythonSoftwareFoundation.Python.3.13_qbz5n2kfra8p0\python.exe c:\Users\user\Desktop\asp\asp.py 100 4 0.3 0.6 0.2 100 50
--- РЕЗУЛЬТАТЫ ЭКСПЕРИМЕНТА ---
Рабочая директория: c:\Users\user\Desktop\asp
Запуск программы симуляции...
Нажмите Ctrl+C для прерывания

======================================================================
             МОДЕЛИРОВАНИЕ ЭПИДЕМИИ НА ДИНАМИЧЕСКОМ ГРАФЕ             
======================================================================

Автоматический режим с параметрами:
N_max=100, C=4.0, lambda=0.3, beta=0.6, delta=0.2, T=100, n_runs=50

======================================================================
                           ЗАПУСК СИМУЛЯЦИИ                           
======================================================================
Параметры: N_max=100, C=4.0, lambda=0.3, beta=0.6, delta=0.2, T=100, прогонов=50

Запуск 50 прогонов симуляции...
Запуск прогона 1/50
Запуск прогона 2/50
Запуск прогона 3/50
Запуск прогона 4/50
Запуск прогона 5/50
Запуск прогона 6/50
Запуск прогона 7/50
Запуск прогона 8/50
Запуск прогона 9/50
Запуск прогона 10/50
Запуск прогона 11/50
Запуск прогона 12/50
Запуск прогона 13/50
Запуск прогона 14/50
Запуск прогона 15/50
Запуск прогона 16/50
Запуск прогона 17/50
Запуск прогона 18/50
Запуск прогона 19/50
Запуск прогона 20/50
Запуск прогона 21/50
Запуск прогона 22/50
Запуск прогона 23/50
Запуск прогона 24/50
Запуск прогона 25/50
Запуск прогона 26/50
Запуск прогона 27/50
Запуск прогона 28/50
Запуск прогона 29/50
Запуск прогона 30/50
Запуск прогона 31/50
Запуск прогона 32/50
Запуск прогона 33/50
Запуск прогона 34/50
Запуск прогона 35/50
Запуск прогона 36/50
Запуск прогона 37/50
Запуск прогона 38/50
Запуск прогона 39/50
Запуск прогона 40/50
Запуск прогона 41/50
Запуск прогона 42/50
Запуск прогона 43/50
Запуск прогона 44/50
Запуск прогона 45/50
Запуск прогона 46/50
Запуск прогона 47/50
Запуск прогона 48/50
Запуск прогона 49/50
Запуск прогона 50/50

Все 50 прогонов завершены
Агрегированные данные сохранены: aggregated_beta0.60_delta0.20_lambda0.30_C4.0_T101.csv

✅ Создан файл: aggregated_beta0.60_delta0.20_lambda0.30_C4.0_T101.csv
✅ Переименован в: exp_beta0.6_lambda0.3_delta0.2_C4_aggregated_beta0.60_delta0.20_lambda0.30_C4.0_T101.csv
⏳ Пауза 5 секунд...

📌 Эксперимент 21/22

============================================================
Эксперимент: C=6 - плотная сеть
Параметры: N_max=100, C=6, λ=0.3, β=0.6, δ=0.2, T=100, прогонов=50
============================================================
Команда: C:\Users\user\AppData\Local\Microsoft\WindowsApps\PythonSoftwareFoundation.Python.3.13_qbz5n2kfra8p0\python.exe c:\Users\user\Desktop\asp\asp.py 100 6 0.3 0.6 0.2 100 50
--- РЕЗУЛЬТАТЫ ЭКСПЕРИМЕНТА ---
Рабочая директория: c:\Users\user\Desktop\asp
Запуск программы симуляции...
Нажмите Ctrl+C для прерывания

======================================================================
             МОДЕЛИРОВАНИЕ ЭПИДЕМИИ НА ДИНАМИЧЕСКОМ ГРАФЕ             
======================================================================

Автоматический режим с параметрами:
N_max=100, C=6.0, lambda=0.3, beta=0.6, delta=0.2, T=100, n_runs=50

======================================================================
                           ЗАПУСК СИМУЛЯЦИИ                           
======================================================================
Параметры: N_max=100, C=6.0, lambda=0.3, beta=0.6, delta=0.2, T=100, прогонов=50

Запуск 50 прогонов симуляции...
Запуск прогона 1/50
Запуск прогона 2/50
Запуск прогона 3/50
Запуск прогона 4/50
Запуск прогона 5/50
Запуск прогона 6/50
Запуск прогона 7/50
Запуск прогона 8/50
Запуск прогона 9/50
Запуск прогона 10/50
Запуск прогона 11/50
Запуск прогона 12/50
Запуск прогона 13/50
Запуск прогона 14/50
Запуск прогона 15/50
Запуск прогона 16/50
Запуск прогона 17/50
Запуск прогона 18/50
Запуск прогона 19/50
Запуск прогона 20/50
Запуск прогона 21/50
Запуск прогона 22/50
Запуск прогона 23/50
Запуск прогона 24/50
Запуск прогона 25/50
Запуск прогона 26/50
Запуск прогона 27/50
Запуск прогона 28/50
Запуск прогона 29/50
Запуск прогона 30/50
Запуск прогона 31/50
Запуск прогона 32/50
Запуск прогона 33/50
Запуск прогона 34/50
Запуск прогона 35/50
Запуск прогона 36/50
Запуск прогона 37/50
Запуск прогона 38/50
Запуск прогона 39/50
Запуск прогона 40/50
Запуск прогона 41/50
Запуск прогона 42/50
Запуск прогона 43/50
Запуск прогона 44/50
Запуск прогона 45/50
Запуск прогона 46/50
Запуск прогона 47/50
Запуск прогона 48/50
Запуск прогона 49/50
Запуск прогона 50/50

Все 50 прогонов завершены
Агрегированные данные сохранены: aggregated_beta0.60_delta0.20_lambda0.30_C6.0_T101.csv

✅ Создан файл: aggregated_beta0.60_delta0.20_lambda0.30_C6.0_T101.csv
✅ Переименован в: exp_beta0.6_lambda0.3_delta0.2_C6_aggregated_beta0.60_delta0.20_lambda0.30_C6.0_T101.csv
⏳ Пауза 5 секунд...

📌 Эксперимент 22/22

============================================================
Эксперимент: C=10 - очень плотная сеть
Параметры: N_max=100, C=10, λ=0.3, β=0.6, δ=0.2, T=100, прогонов=50
============================================================
Команда: C:\Users\user\AppData\Local\Microsoft\WindowsApps\PythonSoftwareFoundation.Python.3.13_qbz5n2kfra8p0\python.exe c:\Users\user\Desktop\asp\asp.py 100 10 0.3 0.6 0.2 100 50
--- РЕЗУЛЬТАТЫ ЭКСПЕРИМЕНТА ---
Рабочая директория: c:\Users\user\Desktop\asp
Запуск программы симуляции...
Нажмите Ctrl+C для прерывания

======================================================================
             МОДЕЛИРОВАНИЕ ЭПИДЕМИИ НА ДИНАМИЧЕСКОМ ГРАФЕ             
======================================================================

Автоматический режим с параметрами:
N_max=100, C=10.0, lambda=0.3, beta=0.6, delta=0.2, T=100, n_runs=50

======================================================================
                           ЗАПУСК СИМУЛЯЦИИ                           
======================================================================
Параметры: N_max=100, C=10.0, lambda=0.3, beta=0.6, delta=0.2, T=100, прогонов=50

Запуск 50 прогонов симуляции...
Запуск прогона 1/50
Запуск прогона 2/50
Запуск прогона 3/50
Запуск прогона 4/50
Запуск прогона 5/50
Запуск прогона 6/50
Запуск прогона 7/50
Запуск прогона 8/50
Запуск прогона 9/50
Запуск прогона 10/50
Запуск прогона 11/50
Запуск прогона 12/50
Запуск прогона 13/50
Запуск прогона 14/50
Запуск прогона 15/50
Запуск прогона 16/50
Запуск прогона 17/50
Запуск прогона 18/50
Запуск прогона 19/50
Запуск прогона 20/50
Запуск прогона 21/50
Запуск прогона 22/50
Запуск прогона 23/50
Запуск прогона 24/50
Запуск прогона 25/50
Запуск прогона 26/50
Запуск прогона 27/50
Запуск прогона 28/50
Запуск прогона 29/50
Запуск прогона 30/50
Запуск прогона 31/50
Запуск прогона 32/50
Запуск прогона 33/50
Запуск прогона 34/50
Запуск прогона 35/50
Запуск прогона 36/50
Запуск прогона 37/50
Запуск прогона 38/50
Запуск прогона 39/50
Запуск прогона 40/50
Запуск прогона 41/50
Запуск прогона 42/50
Запуск прогона 43/50
Запуск прогона 44/50
Запуск прогона 45/50
Запуск прогона 46/50
Запуск прогона 47/50
Запуск прогона 48/50
Запуск прогона 49/50
Запуск прогона 50/50

Все 50 прогонов завершены
Агрегированные данные сохранены: aggregated_beta0.60_delta0.20_lambda0.30_C10.0_T101.csv

✅ Создан файл: aggregated_beta0.60_delta0.20_lambda0.30_C10.0_T101.csv
✅ Переименован в: exp_beta0.6_lambda0.3_delta0.2_C10_aggregated_beta0.60_delta0.20_lambda0.30_C10.0_T101.csv

============================================================
СЕРИЯ ЭКСПЕРИМЕНТОВ ЗАВЕРШЕНА
Успешно: 22
С ошибками: 0
Результаты в папке: c:\Users\user\Desktop\asp
Лог сохранен в: c:\Users\user\Desktop\asp\experiment_logs\experiments_20260302_203501.log
Время окончания: 2026-03-02 20:37:07
